<?xml version="1.0" encoding="UTF-8"?>
<testsuite xmlns:xsi="http://www.w3.org/2001/XMLSchema-instance" xsi:noNamespaceSchemaLocation="https://maven.apache.org/surefire/maven-surefire-plugin/xsd/surefire-test-report-3.0.xsd" version="3.0" name="com.example.orders.OrdersApiApplicationTests" time="8.293" tests="1" errors="0" skipped="0" failures="0">
  <properties>
[...]
</properties>
  <testcase name="contextLoads" classname="com.example.orders.OrdersApiApplicationTests" time="0.29">
    <system-out><![CDATA[21:41:51.980 [main] DEBUG org.springframework.boot.test.context.SpringBootTestContextBootstrapper -- Neither @ContextConfiguration nor @ContextHierarchy found for test class [OrdersApiApplicationTests]: using SpringBootContextLoader
21:41:51.984 [main] DEBUG org.springframework.test.context.support.AbstractContextLoader -- Could not detect default resource locations for test class [com.example.orders.OrdersApiApplicationTests]: no resource found for suffixes {-context.xml, Context.groovy}.
21:41:51.985 [main] INFO org.springframework.test.context.support.AnnotationConfigContextLoaderUtils -- Could not detect default configuration classes for test class [com.example.orders.OrdersApiApplicationTests]: OrdersApiApplicationTests does not declare any static, non-private, non-final, nested classes annotated with @Configuration.
21:41:52.015 [main] DEBUG org.springframework.boot.test.context.SpringBootTestContextBootstrapper -- Using ContextCustomizers for test class [OrdersApiApplicationTests]: [ExcludeFilterContextCustomizer, DuplicateJsonObjectContextCustomizer, MockitoContextCustomizer, TestRestTemplateContextCustomizer, DisableObservabilityContextCustomizer, PropertyMappingContextCustomizer, Customizer]
21:41:52.131 [main] DEBUG org.springframework.context.annotation.ClassPathScanningCandidateComponentProvider -- Identified candidate component class: file [C:\chanllges\springboot-orders-api\target\classes\com\example\orders\OrdersApiApplication.class]
21:41:52.133 [main] INFO org.springframework.boot.test.context.SpringBootTestContextBootstrapper -- Found @SpringBootConfiguration com.example.orders.OrdersApiApplication for test class com.example.orders.OrdersApiApplicationTests
21:41:52.299 [main] DEBUG org.springframework.test.context.util.TestContextSpringFactoriesUtils -- Skipping candidate TestExecutionListener [org.springframework.test.context.observation.MicrometerObservationRegistryTestExecutionListener] due to a missing dependency. Specify custom TestExecutionListener classes or make the default TestExecutionListener classes and their required dependencies available. Offending class: io.micrometer.context.ThreadLocalAccessor. MicrometerObservationRegistryTestExecutionListener requires io.micrometer:micrometer-observation:1.10.8 or higher and io.micrometer:context-propagation:1.0.3 or higher.
21:41:52.320 [main] DEBUG org.springframework.boot.test.context.SpringBootTestContextBootstrapper -- Using TestExecutionListeners for test class [OrdersApiApplicationTests]: [ServletTestExecutionListener, DirtiesContextBeforeModesTestExecutionListener, ApplicationEventsTestExecutionListener, MockitoTestExecutionListener, DependencyInjectionTestExecutionListener, DirtiesContextTestExecutionListener, TransactionalTestExecutionListener, SqlScriptsTestExecutionListener, EventPublishingTestExecutionListener, ResetMocksTestExecutionListener, RestDocsTestExecutionListener, MockRestServiceServerResetTestExecutionListener, MockMvcPrintOnlyOnFailureTestExecutionListener, WebDriverTestExecutionListener, MockWebServiceServerTestExecutionListener]
21:41:52.326 [main] DEBUG org.springframework.test.context.support.DirtiesContextBeforeModesTestExecutionListener -- Before test class: class [OrdersApiApplicationTests], class annotated with @DirtiesContext [false] with mode [null]

  .   ____          _            __ _ _
 /\\ / ___'_ __ _ _(_)_ __  __ _ \ \ \ \
( ( )\___ | '_ | '_| | '_ \/ _` | \ \ \ \
 \\/  ___)| |_)| | | | | || (_| |  ) ) ) )
  '  |____| .__|_| |_|_| |_\__, | / / / /
 =========|_|==============|___/=/_/_/_/
 :: Spring Boot ::                (v3.0.9)

2025-10-15T21:41:53.031-06:00  INFO 10152 --- [           main] c.e.orders.OrdersApiApplicationTests     : Starting OrdersApiApplicationTests using Java 17.0.16 with PID 10152 (started by gabri in C:\chanllges\springboot-orders-api)
2025-10-15T21:41:53.034-06:00  INFO 10152 --- [           main] c.e.orders.OrdersApiApplicationTests     : No active profile set, falling back to 1 default profile: "dev"
2025-10-15T21:41:54.382-06:00  INFO 10152 --- [           main] .s.d.r.c.RepositoryConfigurationDelegate : Bootstrapping Spring Data JPA repositories in DEFAULT mode.
2025-10-15T21:41:54.507-06:00  INFO 10152 --- [           main] .s.d.r.c.RepositoryConfigurationDelegate : Finished Spring Data repository scanning in 104 ms. Found 1 JPA repository interfaces.
2025-10-15T21:41:55.214-06:00  INFO 10152 --- [           main] o.hibernate.jpa.internal.util.LogHelper  : HHH000204: Processing PersistenceUnitInfo [name: default]
2025-10-15T21:41:55.323-06:00  INFO 10152 --- [           main] org.hibernate.Version                    : HHH000412: Hibernate ORM core version 6.1.7.Final
2025-10-15T21:41:55.886-06:00  INFO 10152 --- [           main] com.zaxxer.hikari.HikariDataSource       : HikariPool-1 - Starting...
2025-10-15T21:41:56.161-06:00  INFO 10152 --- [           main] com.zaxxer.hikari.pool.HikariPool        : HikariPool-1 - Added connection conn0: url=jdbc:h2:mem:ordersdb user=SA
2025-10-15T21:41:56.163-06:00  INFO 10152 --- [           main] com.zaxxer.hikari.HikariDataSource       : HikariPool-1 - Start completed.
2025-10-15T21:41:56.212-06:00  INFO 10152 --- [           main] SQL dialect                              : HHH000400: Using dialect: org.hibernate.dialect.H2Dialect
Hibernate: 
    
    create table order_items (
       id uuid not null,
        name varchar(200),
        quantity integer not null,
        sku varchar(160),
        unit_price numeric(12,2) not null,
        order_id uuid,
        primary key (id)
    )
Hibernate: 
    
    create table orders (
       id uuid not null,
        created_at timestamp(6),
        customer_email varchar(160),
        customer_name varchar(120),
        status varchar(255),
        total_amount numeric(12,2) not null,
        updated_at timestamp(6),
        primary key (id)
    )
Hibernate: 
    
    alter table if exists order_items 
       add constraint FKbioxgbv59vetrxe0ejfubep1w 
       foreign key (order_id) 
       references orders
2025-10-15T21:41:57.463-06:00  INFO 10152 --- [           main] o.h.e.t.j.p.i.JtaPlatformInitiator       : HHH000490: Using JtaPlatform implementation: [org.hibernate.engine.transaction.jta.platform.internal.NoJtaPlatform]
2025-10-15T21:41:57.474-06:00  INFO 10152 --- [           main] j.LocalContainerEntityManagerFactoryBean : Initialized JPA EntityManagerFactory for persistence unit 'default'
2025-10-15T21:41:58.252-06:00  WARN 10152 --- [           main] JpaBaseConfiguration$JpaWebConfiguration : spring.jpa.open-in-view is enabled by default. Therefore, database queries may be performed during view rendering. Explicitly configure spring.jpa.open-in-view to disable this warning
2025-10-15T21:41:59.641-06:00  INFO 10152 --- [           main] o.s.b.a.h2.H2ConsoleAutoConfiguration    : H2 console available at '/h2-console'. Database available at 'jdbc:h2:mem:ordersdb'
2025-10-15T21:41:59.705-06:00  INFO 10152 --- [           main] c.e.orders.OrdersApiApplicationTests     : Started OrdersApiApplicationTests in 7.286 seconds (process running for 8.781)
]]></system-out>
  </testcase>
</testsuite>